<?xml version="1.0" encoding="UTF-8"?>
<testng-results ignored="0" total="1" passed="1" failed="0" skipped="0">
  <reporter-output>
  </reporter-output>
  <suite started-at="2022-03-09T14:10:29 IST" name="Default suite" finished-at="2022-03-09T14:10:30 IST" duration-ms="1397">
    <groups>
    </groups>
    <test started-at="2022-03-09T14:10:29 IST" name="Default test" finished-at="2022-03-09T14:10:30 IST" duration-ms="1397">
      <class name="com.Interview.Excel_Data">
        <test-method signature="testdata()[pri:0, instance:com.Interview.Excel_Data@1d119efb]" started-at="2022-03-09T14:10:29 IST" name="testdata" finished-at="2022-03-09T14:10:30 IST" duration-ms="1296" status="PASS">
          <reporter-output>
          </reporter-output>
        </test-method> <!-- testdata -->
      </class> <!-- com.Interview.Excel_Data -->
    </test> <!-- Default test -->
  </suite> <!-- Default suite -->
</testng-results>
